[0.010s] Invoking command in '/home/huangshuqi/RM-Vision-main/build/armor_detector': AMENT_PREFIX_PATH=/home/huangshuqi/RM-Vision-main/install/auto_aim_interfaces:${AMENT_PREFIX_PATH} CMAKE_PREFIX_PATH=/home/huangshuqi/RM-Vision-main/install/auto_aim_interfaces:/opt/ros/humble LD_LIBRARY_PATH=/home/huangshuqi/RM-Vision-main/install/auto_aim_interfaces/lib:/opt/MVS/lib/64:/opt/MVS/lib/32:/usr/lib/x86_64-linux-gnu/gazebo-11/plugins:/opt/ros/humble/opt/rviz_ogre_vendor/lib:/opt/ros/humble/lib/x86_64-linux-gnu:/opt/ros/humble/lib:/opt/MVS/lib/64:/opt/MVS/lib/32:/opt/MVS/lib/64:/opt/MVS/lib/32 PYTHONPATH=/home/huangshuqi/RM-Vision-main/install/auto_aim_interfaces/local/lib/python3.10/dist-packages:${PYTHONPATH} /usr/bin/cmake /home/huangshuqi/RM-Vision-main/src/rm_auto_aim-main/armor_detector -DCMAKE_INSTALL_PREFIX=/home/huangshuqi/RM-Vision-main/install/armor_detector
[0.047s] -- The C compiler identification is GNU 11.4.0
[0.086s] -- The CXX compiler identification is GNU 11.4.0
[0.091s] -- Detecting C compiler ABI info
[0.139s] -- Detecting C compiler ABI info - done
[0.144s] -- Check for working C compiler: /usr/bin/cc - skipped
[0.144s] -- Detecting C compile features
[0.145s] -- Detecting C compile features - done
[0.147s] -- Detecting CXX compiler ABI info
[0.203s] -- Detecting CXX compiler ABI info - done
[0.208s] -- Check for working CXX compiler: /usr/bin/c++ - skipped
[0.208s] -- Detecting CXX compile features
[0.208s] -- Detecting CXX compile features - done
[0.210s] -- Found ament_cmake_auto: 1.3.8 (/opt/ros/humble/share/ament_cmake_auto/cmake)
[0.320s] -- Found Python3: /usr/bin/python3 (found version "3.10.12") found components: Interpreter 
[0.390s] -- Found OpenCV: /usr (found version "4.5.4") 
[0.461s] -- Found rosidl_generator_c: 3.1.5 (/opt/ros/humble/share/rosidl_generator_c/cmake)
[0.464s] -- Found rosidl_adapter: 3.1.5 (/opt/ros/humble/share/rosidl_adapter/cmake)
[0.469s] -- Found rosidl_generator_cpp: 3.1.5 (/opt/ros/humble/share/rosidl_generator_cpp/cmake)
[0.477s] -- Using all available rosidl_typesupport_c: rosidl_typesupport_fastrtps_c;rosidl_typesupport_introspection_c
[0.489s] -- Using all available rosidl_typesupport_cpp: rosidl_typesupport_fastrtps_cpp;rosidl_typesupport_introspection_cpp
[0.534s] -- Found rmw_implementation_cmake: 6.1.1 (/opt/ros/humble/share/rmw_implementation_cmake/cmake)
[0.535s] -- Found rmw_fastrtps_cpp: 6.2.6 (/opt/ros/humble/share/rmw_fastrtps_cpp/cmake)
[0.600s] -- Found OpenSSL: /usr/lib/x86_64-linux-gnu/libcrypto.so (found version "3.0.2")  
[0.625s] -- Found FastRTPS: /opt/ros/humble/include  
[0.657s] -- Using RMW implementation 'rmw_fastrtps_cpp' as default
[0.663s] -- Looking for pthread.h
[0.712s] -- Looking for pthread.h - found
[0.712s] -- Performing Test CMAKE_HAVE_LIBC_PTHREAD
[0.763s] -- Performing Test CMAKE_HAVE_LIBC_PTHREAD - Success
[0.764s] -- Found Threads: TRUE  
[1.228s] -- Found eigen3_cmake_module: 0.1.1 (/opt/ros/humble/share/eigen3_cmake_module/cmake)
[1.229s] -- Found Eigen3: TRUE (found version "3.4.0") 
[1.229s] -- Ensuring Eigen3 include directory is part of orocos-kdl CMake target
[1.443s] -- Found ament_lint_auto: 0.12.10 (/opt/ros/humble/share/ament_lint_auto/cmake)
[1.461s] -- Found ament_cmake_gtest: 1.3.8 (/opt/ros/humble/share/ament_cmake_gtest/cmake)
[1.462s] -- Found gtest sources under '/opt/ros/humble/src/gtest_vendor': C++ tests using 'Google Test' will be built
[1.470s] -- Added test 'cppcheck' to perform static code analysis on C / C++ code
[1.470s] -- Configured cppcheck include dirs: /home/huangshuqi/RM-Vision-main/src/rm_auto_aim-main/armor_detector/include
[1.470s] -- Configured cppcheck exclude dirs and/or files: 
[1.471s] -- Added test 'lint_cmake' to check CMake code style
[1.471s] -- Added test 'xmllint' to check XML markup files
[1.473s] -- Configuring done
[1.501s] -- Generating done
[1.503s] -- Build files have been written to: /home/huangshuqi/RM-Vision-main/build/armor_detector
[1.514s] Invoked command in '/home/huangshuqi/RM-Vision-main/build/armor_detector' returned '0': AMENT_PREFIX_PATH=/home/huangshuqi/RM-Vision-main/install/auto_aim_interfaces:${AMENT_PREFIX_PATH} CMAKE_PREFIX_PATH=/home/huangshuqi/RM-Vision-main/install/auto_aim_interfaces:/opt/ros/humble LD_LIBRARY_PATH=/home/huangshuqi/RM-Vision-main/install/auto_aim_interfaces/lib:/opt/MVS/lib/64:/opt/MVS/lib/32:/usr/lib/x86_64-linux-gnu/gazebo-11/plugins:/opt/ros/humble/opt/rviz_ogre_vendor/lib:/opt/ros/humble/lib/x86_64-linux-gnu:/opt/ros/humble/lib:/opt/MVS/lib/64:/opt/MVS/lib/32:/opt/MVS/lib/64:/opt/MVS/lib/32 PYTHONPATH=/home/huangshuqi/RM-Vision-main/install/auto_aim_interfaces/local/lib/python3.10/dist-packages:${PYTHONPATH} /usr/bin/cmake /home/huangshuqi/RM-Vision-main/src/rm_auto_aim-main/armor_detector -DCMAKE_INSTALL_PREFIX=/home/huangshuqi/RM-Vision-main/install/armor_detector
[1.515s] Invoking command in '/home/huangshuqi/RM-Vision-main/build/armor_detector': AMENT_PREFIX_PATH=/home/huangshuqi/RM-Vision-main/install/auto_aim_interfaces:${AMENT_PREFIX_PATH} CMAKE_PREFIX_PATH=/home/huangshuqi/RM-Vision-main/install/auto_aim_interfaces:/opt/ros/humble LD_LIBRARY_PATH=/home/huangshuqi/RM-Vision-main/install/auto_aim_interfaces/lib:/opt/MVS/lib/64:/opt/MVS/lib/32:/usr/lib/x86_64-linux-gnu/gazebo-11/plugins:/opt/ros/humble/opt/rviz_ogre_vendor/lib:/opt/ros/humble/lib/x86_64-linux-gnu:/opt/ros/humble/lib:/opt/MVS/lib/64:/opt/MVS/lib/32:/opt/MVS/lib/64:/opt/MVS/lib/32 PYTHONPATH=/home/huangshuqi/RM-Vision-main/install/auto_aim_interfaces/local/lib/python3.10/dist-packages:${PYTHONPATH} /usr/bin/cmake --build /home/huangshuqi/RM-Vision-main/build/armor_detector -- -j12 -l12
[1.557s] [ 13%] [32mBuilding CXX object CMakeFiles/armor_detector.dir/src/detector.cpp.o[0m
[1.557s] [ 20%] [32mBuilding CXX object CMakeFiles/armor_detector.dir/src/number_classifier.cpp.o[0m
[1.557s] [ 20%] [32mBuilding CXX object CMakeFiles/armor_detector.dir/src/detector_node.cpp.o[0m
[1.557s] [ 26%] [32mBuilding CXX object CMakeFiles/armor_detector.dir/src/pnp_solver.cpp.o[0m
[1.558s] [ 33%] [32mBuilding CXX object gtest/CMakeFiles/gtest_main.dir/src/gtest_main.cc.o[0m
[1.559s] [ 40%] [32mBuilding CXX object gtest/CMakeFiles/gtest.dir/src/gtest-all.cc.o[0m
[1.568s] [ 46%] [32mBuilding CXX object CMakeFiles/armor_detector_node.dir/rclcpp_components/node_main_armor_detector_node.cpp.o[0m
[2.736s] [ 53%] [32m[1mLinking CXX static library libgtest_main.a[0m
[2.860s] [ 53%] Built target gtest_main
[5.367s] [ 60%] [32m[1mLinking CXX static library libgtest.a[0m
[5.441s] [ 60%] Built target gtest
[6.177s] [ 66%] [32m[1mLinking CXX executable armor_detector_node[0m
[6.356s] [ 66%] Built target armor_detector_node
[17.150s] [ 73%] [32m[1mLinking CXX shared library libarmor_detector.so[0m
[17.977s] [ 73%] Built target armor_detector
[17.992s] [ 86%] [32mBuilding CXX object CMakeFiles/test_number_cls.dir/test/test_number_cls.cpp.o[0m
[17.992s] [ 86%] [32mBuilding CXX object CMakeFiles/test_node_startup.dir/test/test_node_startup.cpp.o[0m
[19.544s] [ 93%] [32m[1mLinking CXX executable test_number_cls[0m
[20.191s] [ 93%] Built target test_number_cls
[21.682s] [100%] [32m[1mLinking CXX executable test_node_startup[0m
[22.320s] [100%] Built target test_node_startup
[22.327s] Invoked command in '/home/huangshuqi/RM-Vision-main/build/armor_detector' returned '0': AMENT_PREFIX_PATH=/home/huangshuqi/RM-Vision-main/install/auto_aim_interfaces:${AMENT_PREFIX_PATH} CMAKE_PREFIX_PATH=/home/huangshuqi/RM-Vision-main/install/auto_aim_interfaces:/opt/ros/humble LD_LIBRARY_PATH=/home/huangshuqi/RM-Vision-main/install/auto_aim_interfaces/lib:/opt/MVS/lib/64:/opt/MVS/lib/32:/usr/lib/x86_64-linux-gnu/gazebo-11/plugins:/opt/ros/humble/opt/rviz_ogre_vendor/lib:/opt/ros/humble/lib/x86_64-linux-gnu:/opt/ros/humble/lib:/opt/MVS/lib/64:/opt/MVS/lib/32:/opt/MVS/lib/64:/opt/MVS/lib/32 PYTHONPATH=/home/huangshuqi/RM-Vision-main/install/auto_aim_interfaces/local/lib/python3.10/dist-packages:${PYTHONPATH} /usr/bin/cmake --build /home/huangshuqi/RM-Vision-main/build/armor_detector -- -j12 -l12
[22.361s] Invoking command in '/home/huangshuqi/RM-Vision-main/build/armor_detector': AMENT_PREFIX_PATH=/home/huangshuqi/RM-Vision-main/install/auto_aim_interfaces:${AMENT_PREFIX_PATH} CMAKE_PREFIX_PATH=/home/huangshuqi/RM-Vision-main/install/auto_aim_interfaces:/opt/ros/humble LD_LIBRARY_PATH=/home/huangshuqi/RM-Vision-main/install/auto_aim_interfaces/lib:/opt/MVS/lib/64:/opt/MVS/lib/32:/usr/lib/x86_64-linux-gnu/gazebo-11/plugins:/opt/ros/humble/opt/rviz_ogre_vendor/lib:/opt/ros/humble/lib/x86_64-linux-gnu:/opt/ros/humble/lib:/opt/MVS/lib/64:/opt/MVS/lib/32:/opt/MVS/lib/64:/opt/MVS/lib/32 PYTHONPATH=/home/huangshuqi/RM-Vision-main/install/auto_aim_interfaces/local/lib/python3.10/dist-packages:${PYTHONPATH} /usr/bin/cmake --install /home/huangshuqi/RM-Vision-main/build/armor_detector
[22.366s] -- Install configuration: ""
[22.366s] -- Installing: /home/huangshuqi/RM-Vision-main/install/armor_detector/lib/armor_detector/armor_detector_node
[22.366s] -- Set runtime path of "/home/huangshuqi/RM-Vision-main/install/armor_detector/lib/armor_detector/armor_detector_node" to ""
[22.366s] -- Installing: /home/huangshuqi/RM-Vision-main/install/armor_detector/include
[22.366s] -- Installing: /home/huangshuqi/RM-Vision-main/install/armor_detector/include/armor_detector
[22.366s] -- Installing: /home/huangshuqi/RM-Vision-main/install/armor_detector/include/armor_detector/pnp_solver.hpp
[22.366s] -- Installing: /home/huangshuqi/RM-Vision-main/install/armor_detector/include/armor_detector/detector_node.hpp
[22.366s] -- Installing: /home/huangshuqi/RM-Vision-main/install/armor_detector/include/armor_detector/number_classifier.hpp
[22.366s] -- Installing: /home/huangshuqi/RM-Vision-main/install/armor_detector/include/armor_detector/armor.hpp
[22.366s] -- Installing: /home/huangshuqi/RM-Vision-main/install/armor_detector/include/armor_detector/detector.hpp
[22.366s] -- Installing: /home/huangshuqi/RM-Vision-main/install/armor_detector/share/armor_detector/environment/library_path.sh
[22.367s] -- Installing: /home/huangshuqi/RM-Vision-main/install/armor_detector/share/armor_detector/environment/library_path.dsv
[22.367s] -- Installing: /home/huangshuqi/RM-Vision-main/install/armor_detector/lib/libarmor_detector.so
[22.374s] -- Set runtime path of "/home/huangshuqi/RM-Vision-main/install/armor_detector/lib/libarmor_detector.so" to ""
[22.374s] -- Installing: /home/huangshuqi/RM-Vision-main/install/armor_detector/share/armor_detector/model
[22.374s] -- Installing: /home/huangshuqi/RM-Vision-main/install/armor_detector/share/armor_detector/model/label.txt
[22.374s] -- Installing: /home/huangshuqi/RM-Vision-main/install/armor_detector/share/armor_detector/model/mlp.onnx
[22.374s] -- Installing: /home/huangshuqi/RM-Vision-main/install/armor_detector/share/ament_index/resource_index/package_run_dependencies/armor_detector
[22.374s] -- Installing: /home/huangshuqi/RM-Vision-main/install/armor_detector/share/ament_index/resource_index/parent_prefix_path/armor_detector
[22.374s] -- Installing: /home/huangshuqi/RM-Vision-main/install/armor_detector/share/armor_detector/environment/ament_prefix_path.sh
[22.374s] -- Installing: /home/huangshuqi/RM-Vision-main/install/armor_detector/share/armor_detector/environment/ament_prefix_path.dsv
[22.374s] -- Installing: /home/huangshuqi/RM-Vision-main/install/armor_detector/share/armor_detector/environment/path.sh
[22.375s] -- Installing: /home/huangshuqi/RM-Vision-main/install/armor_detector/share/armor_detector/environment/path.dsv
[22.375s] -- Installing: /home/huangshuqi/RM-Vision-main/install/armor_detector/share/armor_detector/local_setup.bash
[22.375s] -- Installing: /home/huangshuqi/RM-Vision-main/install/armor_detector/share/armor_detector/local_setup.sh
[22.375s] -- Installing: /home/huangshuqi/RM-Vision-main/install/armor_detector/share/armor_detector/local_setup.zsh
[22.375s] -- Installing: /home/huangshuqi/RM-Vision-main/install/armor_detector/share/armor_detector/local_setup.dsv
[22.375s] -- Installing: /home/huangshuqi/RM-Vision-main/install/armor_detector/share/armor_detector/package.dsv
[22.375s] -- Installing: /home/huangshuqi/RM-Vision-main/install/armor_detector/share/ament_index/resource_index/packages/armor_detector
[22.375s] -- Installing: /home/huangshuqi/RM-Vision-main/install/armor_detector/share/ament_index/resource_index/rclcpp_components/armor_detector
[22.375s] -- Installing: /home/huangshuqi/RM-Vision-main/install/armor_detector/share/armor_detector/cmake/ament_cmake_export_dependencies-extras.cmake
[22.375s] -- Installing: /home/huangshuqi/RM-Vision-main/install/armor_detector/share/armor_detector/cmake/ament_cmake_export_include_directories-extras.cmake
[22.375s] -- Installing: /home/huangshuqi/RM-Vision-main/install/armor_detector/share/armor_detector/cmake/ament_cmake_export_libraries-extras.cmake
[22.375s] -- Installing: /home/huangshuqi/RM-Vision-main/install/armor_detector/share/armor_detector/cmake/armor_detectorConfig.cmake
[22.375s] -- Installing: /home/huangshuqi/RM-Vision-main/install/armor_detector/share/armor_detector/cmake/armor_detectorConfig-version.cmake
[22.375s] -- Installing: /home/huangshuqi/RM-Vision-main/install/armor_detector/share/armor_detector/package.xml
[22.377s] Invoked command in '/home/huangshuqi/RM-Vision-main/build/armor_detector' returned '0': AMENT_PREFIX_PATH=/home/huangshuqi/RM-Vision-main/install/auto_aim_interfaces:${AMENT_PREFIX_PATH} CMAKE_PREFIX_PATH=/home/huangshuqi/RM-Vision-main/install/auto_aim_interfaces:/opt/ros/humble LD_LIBRARY_PATH=/home/huangshuqi/RM-Vision-main/install/auto_aim_interfaces/lib:/opt/MVS/lib/64:/opt/MVS/lib/32:/usr/lib/x86_64-linux-gnu/gazebo-11/plugins:/opt/ros/humble/opt/rviz_ogre_vendor/lib:/opt/ros/humble/lib/x86_64-linux-gnu:/opt/ros/humble/lib:/opt/MVS/lib/64:/opt/MVS/lib/32:/opt/MVS/lib/64:/opt/MVS/lib/32 PYTHONPATH=/home/huangshuqi/RM-Vision-main/install/auto_aim_interfaces/local/lib/python3.10/dist-packages:${PYTHONPATH} /usr/bin/cmake --install /home/huangshuqi/RM-Vision-main/build/armor_detector
