[0.009s] Invoking command in '/home/huangshuqi/RM-Vision-main/build/armor_tracker': AMENT_PREFIX_PATH=/home/huangshuqi/RM-Vision-main/install/auto_aim_interfaces:${AMENT_PREFIX_PATH} CMAKE_PREFIX_PATH=/home/huangshuqi/RM-Vision-main/install/auto_aim_interfaces:/opt/ros/humble LD_LIBRARY_PATH=/home/huangshuqi/RM-Vision-main/install/auto_aim_interfaces/lib:/opt/MVS/lib/64:/opt/MVS/lib/32:/usr/lib/x86_64-linux-gnu/gazebo-11/plugins:/opt/ros/humble/opt/rviz_ogre_vendor/lib:/opt/ros/humble/lib/x86_64-linux-gnu:/opt/ros/humble/lib:/opt/MVS/lib/64:/opt/MVS/lib/32:/opt/MVS/lib/64:/opt/MVS/lib/32 PYTHONPATH=/home/huangshuqi/RM-Vision-main/install/auto_aim_interfaces/local/lib/python3.10/dist-packages:${PYTHONPATH} /usr/bin/cmake /home/huangshuqi/RM-Vision-main/src/rm_auto_aim-main/armor_tracker -DCMAKE_INSTALL_PREFIX=/home/huangshuqi/RM-Vision-main/install/armor_tracker
[0.044s] -- The C compiler identification is GNU 11.4.0
[0.085s] -- The CXX compiler identification is GNU 11.4.0
[0.089s] -- Detecting C compiler ABI info
[0.137s] -- Detecting C compiler ABI info - done
[0.147s] -- Check for working C compiler: /usr/bin/cc - skipped
[0.147s] -- Detecting C compile features
[0.147s] -- Detecting C compile features - done
[0.150s] -- Detecting CXX compiler ABI info
[0.207s] -- Detecting CXX compiler ABI info - done
[0.212s] -- Check for working CXX compiler: /usr/bin/c++ - skipped
[0.212s] -- Detecting CXX compile features
[0.213s] -- Detecting CXX compile features - done
[0.214s] -- Found ament_cmake_auto: 1.3.8 (/opt/ros/humble/share/ament_cmake_auto/cmake)
[0.321s] -- Found Python3: /usr/bin/python3 (found version "3.10.12") found components: Interpreter 
[0.454s] -- Found rosidl_generator_c: 3.1.5 (/opt/ros/humble/share/rosidl_generator_c/cmake)
[0.457s] -- Found rosidl_adapter: 3.1.5 (/opt/ros/humble/share/rosidl_adapter/cmake)
[0.462s] -- Found rosidl_generator_cpp: 3.1.5 (/opt/ros/humble/share/rosidl_generator_cpp/cmake)
[0.471s] -- Using all available rosidl_typesupport_c: rosidl_typesupport_fastrtps_c;rosidl_typesupport_introspection_c
[0.483s] -- Using all available rosidl_typesupport_cpp: rosidl_typesupport_fastrtps_cpp;rosidl_typesupport_introspection_cpp
[0.528s] -- Found rmw_implementation_cmake: 6.1.1 (/opt/ros/humble/share/rmw_implementation_cmake/cmake)
[0.530s] -- Found rmw_fastrtps_cpp: 6.2.6 (/opt/ros/humble/share/rmw_fastrtps_cpp/cmake)
[0.598s] -- Found OpenSSL: /usr/lib/x86_64-linux-gnu/libcrypto.so (found version "3.0.2")  
[0.622s] -- Found FastRTPS: /opt/ros/humble/include  
[0.655s] -- Using RMW implementation 'rmw_fastrtps_cpp' as default
[0.661s] -- Looking for pthread.h
[0.709s] -- Looking for pthread.h - found
[0.709s] -- Performing Test CMAKE_HAVE_LIBC_PTHREAD
[0.760s] -- Performing Test CMAKE_HAVE_LIBC_PTHREAD - Success
[0.760s] -- Found Threads: TRUE  
[1.142s] -- Found eigen3_cmake_module: 0.1.1 (/opt/ros/humble/share/eigen3_cmake_module/cmake)
[1.143s] -- Found Eigen3: TRUE (found version "3.4.0") 
[1.143s] -- Ensuring Eigen3 include directory is part of orocos-kdl CMake target
[1.397s] -- Found ament_lint_auto: 0.12.10 (/opt/ros/humble/share/ament_lint_auto/cmake)
[1.417s] -- Added test 'cppcheck' to perform static code analysis on C / C++ code
[1.417s] -- Configured cppcheck include dirs: /home/huangshuqi/RM-Vision-main/src/rm_auto_aim-main/armor_tracker/include
[1.417s] -- Configured cppcheck exclude dirs and/or files: 
[1.418s] -- Added test 'lint_cmake' to check CMake code style
[1.418s] -- Added test 'xmllint' to check XML markup files
[1.420s] -- Configuring done
[1.431s] -- Generating done
[1.433s] -- Build files have been written to: /home/huangshuqi/RM-Vision-main/build/armor_tracker
[1.441s] Invoked command in '/home/huangshuqi/RM-Vision-main/build/armor_tracker' returned '0': AMENT_PREFIX_PATH=/home/huangshuqi/RM-Vision-main/install/auto_aim_interfaces:${AMENT_PREFIX_PATH} CMAKE_PREFIX_PATH=/home/huangshuqi/RM-Vision-main/install/auto_aim_interfaces:/opt/ros/humble LD_LIBRARY_PATH=/home/huangshuqi/RM-Vision-main/install/auto_aim_interfaces/lib:/opt/MVS/lib/64:/opt/MVS/lib/32:/usr/lib/x86_64-linux-gnu/gazebo-11/plugins:/opt/ros/humble/opt/rviz_ogre_vendor/lib:/opt/ros/humble/lib/x86_64-linux-gnu:/opt/ros/humble/lib:/opt/MVS/lib/64:/opt/MVS/lib/32:/opt/MVS/lib/64:/opt/MVS/lib/32 PYTHONPATH=/home/huangshuqi/RM-Vision-main/install/auto_aim_interfaces/local/lib/python3.10/dist-packages:${PYTHONPATH} /usr/bin/cmake /home/huangshuqi/RM-Vision-main/src/rm_auto_aim-main/armor_tracker -DCMAKE_INSTALL_PREFIX=/home/huangshuqi/RM-Vision-main/install/armor_tracker
[1.442s] Invoking command in '/home/huangshuqi/RM-Vision-main/build/armor_tracker': AMENT_PREFIX_PATH=/home/huangshuqi/RM-Vision-main/install/auto_aim_interfaces:${AMENT_PREFIX_PATH} CMAKE_PREFIX_PATH=/home/huangshuqi/RM-Vision-main/install/auto_aim_interfaces:/opt/ros/humble LD_LIBRARY_PATH=/home/huangshuqi/RM-Vision-main/install/auto_aim_interfaces/lib:/opt/MVS/lib/64:/opt/MVS/lib/32:/usr/lib/x86_64-linux-gnu/gazebo-11/plugins:/opt/ros/humble/opt/rviz_ogre_vendor/lib:/opt/ros/humble/lib/x86_64-linux-gnu:/opt/ros/humble/lib:/opt/MVS/lib/64:/opt/MVS/lib/32:/opt/MVS/lib/64:/opt/MVS/lib/32 PYTHONPATH=/home/huangshuqi/RM-Vision-main/install/auto_aim_interfaces/local/lib/python3.10/dist-packages:${PYTHONPATH} /usr/bin/cmake --build /home/huangshuqi/RM-Vision-main/build/armor_tracker -- -j12 -l12
[1.479s] [ 50%] [32mBuilding CXX object CMakeFiles/armor_tracker.dir/src/tracker.cpp.o[0m
[1.479s] [ 50%] [32mBuilding CXX object CMakeFiles/armor_tracker.dir/src/extended_kalman_filter.cpp.o[0m
[1.479s] [ 50%] [32mBuilding CXX object CMakeFiles/armor_tracker_node.dir/rclcpp_components/node_main_armor_tracker_node.cpp.o[0m
[1.479s] [ 66%] [32mBuilding CXX object CMakeFiles/armor_tracker.dir/src/tracker_node.cpp.o[0m
[5.924s] [ 83%] [32m[1mLinking CXX executable armor_tracker_node[0m
[6.100s] [ 83%] Built target armor_tracker_node
[13.415s] [100%] [32m[1mLinking CXX shared library libarmor_tracker.so[0m
[14.191s] [100%] Built target armor_tracker
[14.199s] Invoked command in '/home/huangshuqi/RM-Vision-main/build/armor_tracker' returned '0': AMENT_PREFIX_PATH=/home/huangshuqi/RM-Vision-main/install/auto_aim_interfaces:${AMENT_PREFIX_PATH} CMAKE_PREFIX_PATH=/home/huangshuqi/RM-Vision-main/install/auto_aim_interfaces:/opt/ros/humble LD_LIBRARY_PATH=/home/huangshuqi/RM-Vision-main/install/auto_aim_interfaces/lib:/opt/MVS/lib/64:/opt/MVS/lib/32:/usr/lib/x86_64-linux-gnu/gazebo-11/plugins:/opt/ros/humble/opt/rviz_ogre_vendor/lib:/opt/ros/humble/lib/x86_64-linux-gnu:/opt/ros/humble/lib:/opt/MVS/lib/64:/opt/MVS/lib/32:/opt/MVS/lib/64:/opt/MVS/lib/32 PYTHONPATH=/home/huangshuqi/RM-Vision-main/install/auto_aim_interfaces/local/lib/python3.10/dist-packages:${PYTHONPATH} /usr/bin/cmake --build /home/huangshuqi/RM-Vision-main/build/armor_tracker -- -j12 -l12
[14.222s] Invoking command in '/home/huangshuqi/RM-Vision-main/build/armor_tracker': AMENT_PREFIX_PATH=/home/huangshuqi/RM-Vision-main/install/auto_aim_interfaces:${AMENT_PREFIX_PATH} CMAKE_PREFIX_PATH=/home/huangshuqi/RM-Vision-main/install/auto_aim_interfaces:/opt/ros/humble LD_LIBRARY_PATH=/home/huangshuqi/RM-Vision-main/install/auto_aim_interfaces/lib:/opt/MVS/lib/64:/opt/MVS/lib/32:/usr/lib/x86_64-linux-gnu/gazebo-11/plugins:/opt/ros/humble/opt/rviz_ogre_vendor/lib:/opt/ros/humble/lib/x86_64-linux-gnu:/opt/ros/humble/lib:/opt/MVS/lib/64:/opt/MVS/lib/32:/opt/MVS/lib/64:/opt/MVS/lib/32 PYTHONPATH=/home/huangshuqi/RM-Vision-main/install/auto_aim_interfaces/local/lib/python3.10/dist-packages:${PYTHONPATH} /usr/bin/cmake --install /home/huangshuqi/RM-Vision-main/build/armor_tracker
[14.227s] -- Install configuration: ""
[14.227s] -- Installing: /home/huangshuqi/RM-Vision-main/install/armor_tracker/lib/armor_tracker/armor_tracker_node
[14.227s] -- Set runtime path of "/home/huangshuqi/RM-Vision-main/install/armor_tracker/lib/armor_tracker/armor_tracker_node" to ""
[14.227s] -- Installing: /home/huangshuqi/RM-Vision-main/install/armor_tracker/include
[14.227s] -- Installing: /home/huangshuqi/RM-Vision-main/install/armor_tracker/include/armor_tracker
[14.227s] -- Installing: /home/huangshuqi/RM-Vision-main/install/armor_tracker/include/armor_tracker/tracker_node.hpp
[14.228s] -- Installing: /home/huangshuqi/RM-Vision-main/install/armor_tracker/include/armor_tracker/extended_kalman_filter.hpp
[14.228s] -- Installing: /home/huangshuqi/RM-Vision-main/install/armor_tracker/include/armor_tracker/tracker.hpp
[14.228s] -- Installing: /home/huangshuqi/RM-Vision-main/install/armor_tracker/share/armor_tracker/environment/library_path.sh
[14.228s] -- Installing: /home/huangshuqi/RM-Vision-main/install/armor_tracker/share/armor_tracker/environment/library_path.dsv
[14.228s] -- Installing: /home/huangshuqi/RM-Vision-main/install/armor_tracker/lib/libarmor_tracker.so
[14.235s] -- Set runtime path of "/home/huangshuqi/RM-Vision-main/install/armor_tracker/lib/libarmor_tracker.so" to ""
[14.235s] -- Installing: /home/huangshuqi/RM-Vision-main/install/armor_tracker/share/ament_index/resource_index/package_run_dependencies/armor_tracker
[14.235s] -- Installing: /home/huangshuqi/RM-Vision-main/install/armor_tracker/share/ament_index/resource_index/parent_prefix_path/armor_tracker
[14.235s] -- Installing: /home/huangshuqi/RM-Vision-main/install/armor_tracker/share/armor_tracker/environment/ament_prefix_path.sh
[14.235s] -- Installing: /home/huangshuqi/RM-Vision-main/install/armor_tracker/share/armor_tracker/environment/ament_prefix_path.dsv
[14.235s] -- Installing: /home/huangshuqi/RM-Vision-main/install/armor_tracker/share/armor_tracker/environment/path.sh
[14.235s] -- Installing: /home/huangshuqi/RM-Vision-main/install/armor_tracker/share/armor_tracker/environment/path.dsv
[14.235s] -- Installing: /home/huangshuqi/RM-Vision-main/install/armor_tracker/share/armor_tracker/local_setup.bash
[14.235s] -- Installing: /home/huangshuqi/RM-Vision-main/install/armor_tracker/share/armor_tracker/local_setup.sh
[14.235s] -- Installing: /home/huangshuqi/RM-Vision-main/install/armor_tracker/share/armor_tracker/local_setup.zsh
[14.235s] -- Installing: /home/huangshuqi/RM-Vision-main/install/armor_tracker/share/armor_tracker/local_setup.dsv
[14.235s] -- Installing: /home/huangshuqi/RM-Vision-main/install/armor_tracker/share/armor_tracker/package.dsv
[14.235s] -- Installing: /home/huangshuqi/RM-Vision-main/install/armor_tracker/share/ament_index/resource_index/packages/armor_tracker
[14.235s] -- Installing: /home/huangshuqi/RM-Vision-main/install/armor_tracker/share/ament_index/resource_index/rclcpp_components/armor_tracker
[14.236s] -- Installing: /home/huangshuqi/RM-Vision-main/install/armor_tracker/share/armor_tracker/cmake/ament_cmake_export_dependencies-extras.cmake
[14.236s] -- Installing: /home/huangshuqi/RM-Vision-main/install/armor_tracker/share/armor_tracker/cmake/ament_cmake_export_include_directories-extras.cmake
[14.236s] -- Installing: /home/huangshuqi/RM-Vision-main/install/armor_tracker/share/armor_tracker/cmake/ament_cmake_export_libraries-extras.cmake
[14.236s] -- Installing: /home/huangshuqi/RM-Vision-main/install/armor_tracker/share/armor_tracker/cmake/armor_trackerConfig.cmake
[14.236s] -- Installing: /home/huangshuqi/RM-Vision-main/install/armor_tracker/share/armor_tracker/cmake/armor_trackerConfig-version.cmake
[14.236s] -- Installing: /home/huangshuqi/RM-Vision-main/install/armor_tracker/share/armor_tracker/package.xml
[14.238s] Invoked command in '/home/huangshuqi/RM-Vision-main/build/armor_tracker' returned '0': AMENT_PREFIX_PATH=/home/huangshuqi/RM-Vision-main/install/auto_aim_interfaces:${AMENT_PREFIX_PATH} CMAKE_PREFIX_PATH=/home/huangshuqi/RM-Vision-main/install/auto_aim_interfaces:/opt/ros/humble LD_LIBRARY_PATH=/home/huangshuqi/RM-Vision-main/install/auto_aim_interfaces/lib:/opt/MVS/lib/64:/opt/MVS/lib/32:/usr/lib/x86_64-linux-gnu/gazebo-11/plugins:/opt/ros/humble/opt/rviz_ogre_vendor/lib:/opt/ros/humble/lib/x86_64-linux-gnu:/opt/ros/humble/lib:/opt/MVS/lib/64:/opt/MVS/lib/32:/opt/MVS/lib/64:/opt/MVS/lib/32 PYTHONPATH=/home/huangshuqi/RM-Vision-main/install/auto_aim_interfaces/local/lib/python3.10/dist-packages:${PYTHONPATH} /usr/bin/cmake --install /home/huangshuqi/RM-Vision-main/build/armor_tracker
