[0.008s] Invoking command in '/home/huangshuqi/RM-Vision-main/build/rm_auto_aim': AMENT_PREFIX_PATH=/home/huangshuqi/RM-Vision-main/install/armor_tracker:/home/huangshuqi/RM-Vision-main/install/armor_detector:/home/huangshuqi/RM-Vision-main/install/auto_aim_interfaces:${AMENT_PREFIX_PATH} CMAKE_PREFIX_PATH=/home/huangshuqi/RM-Vision-main/install/armor_tracker:/home/huangshuqi/RM-Vision-main/install/armor_detector:/home/huangshuqi/RM-Vision-main/install/auto_aim_interfaces:/opt/ros/humble LD_LIBRARY_PATH=/home/huangshuqi/RM-Vision-main/install/armor_tracker/lib:/home/huangshuqi/RM-Vision-main/install/armor_detector/lib:/home/huangshuqi/RM-Vision-main/install/auto_aim_interfaces/lib:/opt/MVS/lib/64:/opt/MVS/lib/32:/usr/lib/x86_64-linux-gnu/gazebo-11/plugins:/opt/ros/humble/opt/rviz_ogre_vendor/lib:/opt/ros/humble/lib/x86_64-linux-gnu:/opt/ros/humble/lib:/opt/MVS/lib/64:/opt/MVS/lib/32:/opt/MVS/lib/64:/opt/MVS/lib/32 PYTHONPATH=/home/huangshuqi/RM-Vision-main/install/auto_aim_interfaces/local/lib/python3.10/dist-packages:${PYTHONPATH} /usr/bin/cmake /home/huangshuqi/RM-Vision-main/src/rm_auto_aim-main/rm_auto_aim -DCMAKE_INSTALL_PREFIX=/home/huangshuqi/RM-Vision-main/install/rm_auto_aim
[0.045s] -- The C compiler identification is GNU 11.4.0
[0.083s] -- The CXX compiler identification is GNU 11.4.0
[0.088s] -- Detecting C compiler ABI info
[0.136s] -- Detecting C compiler ABI info - done
[0.142s] -- Check for working C compiler: /usr/bin/cc - skipped
[0.142s] -- Detecting C compile features
[0.142s] -- Detecting C compile features - done
[0.144s] -- Detecting CXX compiler ABI info
[0.199s] -- Detecting CXX compiler ABI info - done
[0.204s] -- Check for working CXX compiler: /usr/bin/c++ - skipped
[0.204s] -- Detecting CXX compile features
[0.205s] -- Detecting CXX compile features - done
[0.206s] -- Found ament_cmake_auto: 1.3.8 (/opt/ros/humble/share/ament_cmake_auto/cmake)
[0.307s] -- Found Python3: /usr/bin/python3 (found version "3.10.12") found components: Interpreter 
[0.366s] -- Found ament_lint_auto: 0.12.10 (/opt/ros/humble/share/ament_lint_auto/cmake)
[0.415s] -- Added test 'lint_cmake' to check CMake code style
[0.415s] -- Added test 'xmllint' to check XML markup files
[0.416s] -- Configuring done
[0.418s] -- Generating done
[0.418s] -- Build files have been written to: /home/huangshuqi/RM-Vision-main/build/rm_auto_aim
[0.421s] Invoked command in '/home/huangshuqi/RM-Vision-main/build/rm_auto_aim' returned '0': AMENT_PREFIX_PATH=/home/huangshuqi/RM-Vision-main/install/armor_tracker:/home/huangshuqi/RM-Vision-main/install/armor_detector:/home/huangshuqi/RM-Vision-main/install/auto_aim_interfaces:${AMENT_PREFIX_PATH} CMAKE_PREFIX_PATH=/home/huangshuqi/RM-Vision-main/install/armor_tracker:/home/huangshuqi/RM-Vision-main/install/armor_detector:/home/huangshuqi/RM-Vision-main/install/auto_aim_interfaces:/opt/ros/humble LD_LIBRARY_PATH=/home/huangshuqi/RM-Vision-main/install/armor_tracker/lib:/home/huangshuqi/RM-Vision-main/install/armor_detector/lib:/home/huangshuqi/RM-Vision-main/install/auto_aim_interfaces/lib:/opt/MVS/lib/64:/opt/MVS/lib/32:/usr/lib/x86_64-linux-gnu/gazebo-11/plugins:/opt/ros/humble/opt/rviz_ogre_vendor/lib:/opt/ros/humble/lib/x86_64-linux-gnu:/opt/ros/humble/lib:/opt/MVS/lib/64:/opt/MVS/lib/32:/opt/MVS/lib/64:/opt/MVS/lib/32 PYTHONPATH=/home/huangshuqi/RM-Vision-main/install/auto_aim_interfaces/local/lib/python3.10/dist-packages:${PYTHONPATH} /usr/bin/cmake /home/huangshuqi/RM-Vision-main/src/rm_auto_aim-main/rm_auto_aim -DCMAKE_INSTALL_PREFIX=/home/huangshuqi/RM-Vision-main/install/rm_auto_aim
[0.422s] Invoking command in '/home/huangshuqi/RM-Vision-main/build/rm_auto_aim': AMENT_PREFIX_PATH=/home/huangshuqi/RM-Vision-main/install/armor_tracker:/home/huangshuqi/RM-Vision-main/install/armor_detector:/home/huangshuqi/RM-Vision-main/install/auto_aim_interfaces:${AMENT_PREFIX_PATH} CMAKE_PREFIX_PATH=/home/huangshuqi/RM-Vision-main/install/armor_tracker:/home/huangshuqi/RM-Vision-main/install/armor_detector:/home/huangshuqi/RM-Vision-main/install/auto_aim_interfaces:/opt/ros/humble LD_LIBRARY_PATH=/home/huangshuqi/RM-Vision-main/install/armor_tracker/lib:/home/huangshuqi/RM-Vision-main/install/armor_detector/lib:/home/huangshuqi/RM-Vision-main/install/auto_aim_interfaces/lib:/opt/MVS/lib/64:/opt/MVS/lib/32:/usr/lib/x86_64-linux-gnu/gazebo-11/plugins:/opt/ros/humble/opt/rviz_ogre_vendor/lib:/opt/ros/humble/lib/x86_64-linux-gnu:/opt/ros/humble/lib:/opt/MVS/lib/64:/opt/MVS/lib/32:/opt/MVS/lib/64:/opt/MVS/lib/32 PYTHONPATH=/home/huangshuqi/RM-Vision-main/install/auto_aim_interfaces/local/lib/python3.10/dist-packages:${PYTHONPATH} /usr/bin/cmake --build /home/huangshuqi/RM-Vision-main/build/rm_auto_aim -- -j12 -l12
[0.448s] Invoked command in '/home/huangshuqi/RM-Vision-main/build/rm_auto_aim' returned '0': AMENT_PREFIX_PATH=/home/huangshuqi/RM-Vision-main/install/armor_tracker:/home/huangshuqi/RM-Vision-main/install/armor_detector:/home/huangshuqi/RM-Vision-main/install/auto_aim_interfaces:${AMENT_PREFIX_PATH} CMAKE_PREFIX_PATH=/home/huangshuqi/RM-Vision-main/install/armor_tracker:/home/huangshuqi/RM-Vision-main/install/armor_detector:/home/huangshuqi/RM-Vision-main/install/auto_aim_interfaces:/opt/ros/humble LD_LIBRARY_PATH=/home/huangshuqi/RM-Vision-main/install/armor_tracker/lib:/home/huangshuqi/RM-Vision-main/install/armor_detector/lib:/home/huangshuqi/RM-Vision-main/install/auto_aim_interfaces/lib:/opt/MVS/lib/64:/opt/MVS/lib/32:/usr/lib/x86_64-linux-gnu/gazebo-11/plugins:/opt/ros/humble/opt/rviz_ogre_vendor/lib:/opt/ros/humble/lib/x86_64-linux-gnu:/opt/ros/humble/lib:/opt/MVS/lib/64:/opt/MVS/lib/32:/opt/MVS/lib/64:/opt/MVS/lib/32 PYTHONPATH=/home/huangshuqi/RM-Vision-main/install/auto_aim_interfaces/local/lib/python3.10/dist-packages:${PYTHONPATH} /usr/bin/cmake --build /home/huangshuqi/RM-Vision-main/build/rm_auto_aim -- -j12 -l12
[0.464s] Invoking command in '/home/huangshuqi/RM-Vision-main/build/rm_auto_aim': AMENT_PREFIX_PATH=/home/huangshuqi/RM-Vision-main/install/armor_tracker:/home/huangshuqi/RM-Vision-main/install/armor_detector:/home/huangshuqi/RM-Vision-main/install/auto_aim_interfaces:${AMENT_PREFIX_PATH} CMAKE_PREFIX_PATH=/home/huangshuqi/RM-Vision-main/install/armor_tracker:/home/huangshuqi/RM-Vision-main/install/armor_detector:/home/huangshuqi/RM-Vision-main/install/auto_aim_interfaces:/opt/ros/humble LD_LIBRARY_PATH=/home/huangshuqi/RM-Vision-main/install/armor_tracker/lib:/home/huangshuqi/RM-Vision-main/install/armor_detector/lib:/home/huangshuqi/RM-Vision-main/install/auto_aim_interfaces/lib:/opt/MVS/lib/64:/opt/MVS/lib/32:/usr/lib/x86_64-linux-gnu/gazebo-11/plugins:/opt/ros/humble/opt/rviz_ogre_vendor/lib:/opt/ros/humble/lib/x86_64-linux-gnu:/opt/ros/humble/lib:/opt/MVS/lib/64:/opt/MVS/lib/32:/opt/MVS/lib/64:/opt/MVS/lib/32 PYTHONPATH=/home/huangshuqi/RM-Vision-main/install/auto_aim_interfaces/local/lib/python3.10/dist-packages:${PYTHONPATH} /usr/bin/cmake --install /home/huangshuqi/RM-Vision-main/build/rm_auto_aim
[0.470s] -- Install configuration: ""
[0.470s] -- Installing: /home/huangshuqi/RM-Vision-main/install/rm_auto_aim/share/ament_index/resource_index/package_run_dependencies/rm_auto_aim
[0.470s] -- Installing: /home/huangshuqi/RM-Vision-main/install/rm_auto_aim/share/ament_index/resource_index/parent_prefix_path/rm_auto_aim
[0.470s] -- Installing: /home/huangshuqi/RM-Vision-main/install/rm_auto_aim/share/rm_auto_aim/environment/ament_prefix_path.sh
[0.470s] -- Installing: /home/huangshuqi/RM-Vision-main/install/rm_auto_aim/share/rm_auto_aim/environment/ament_prefix_path.dsv
[0.471s] -- Installing: /home/huangshuqi/RM-Vision-main/install/rm_auto_aim/share/rm_auto_aim/environment/path.sh
[0.471s] -- Installing: /home/huangshuqi/RM-Vision-main/install/rm_auto_aim/share/rm_auto_aim/environment/path.dsv
[0.471s] -- Installing: /home/huangshuqi/RM-Vision-main/install/rm_auto_aim/share/rm_auto_aim/local_setup.bash
[0.471s] -- Installing: /home/huangshuqi/RM-Vision-main/install/rm_auto_aim/share/rm_auto_aim/local_setup.sh
[0.471s] -- Installing: /home/huangshuqi/RM-Vision-main/install/rm_auto_aim/share/rm_auto_aim/local_setup.zsh
[0.471s] -- Installing: /home/huangshuqi/RM-Vision-main/install/rm_auto_aim/share/rm_auto_aim/local_setup.dsv
[0.471s] -- Installing: /home/huangshuqi/RM-Vision-main/install/rm_auto_aim/share/rm_auto_aim/package.dsv
[0.471s] -- Installing: /home/huangshuqi/RM-Vision-main/install/rm_auto_aim/share/ament_index/resource_index/packages/rm_auto_aim
[0.471s] -- Installing: /home/huangshuqi/RM-Vision-main/install/rm_auto_aim/share/rm_auto_aim/cmake/rm_auto_aimConfig.cmake
[0.471s] -- Installing: /home/huangshuqi/RM-Vision-main/install/rm_auto_aim/share/rm_auto_aim/cmake/rm_auto_aimConfig-version.cmake
[0.471s] -- Installing: /home/huangshuqi/RM-Vision-main/install/rm_auto_aim/share/rm_auto_aim/package.xml
[0.473s] Invoked command in '/home/huangshuqi/RM-Vision-main/build/rm_auto_aim' returned '0': AMENT_PREFIX_PATH=/home/huangshuqi/RM-Vision-main/install/armor_tracker:/home/huangshuqi/RM-Vision-main/install/armor_detector:/home/huangshuqi/RM-Vision-main/install/auto_aim_interfaces:${AMENT_PREFIX_PATH} CMAKE_PREFIX_PATH=/home/huangshuqi/RM-Vision-main/install/armor_tracker:/home/huangshuqi/RM-Vision-main/install/armor_detector:/home/huangshuqi/RM-Vision-main/install/auto_aim_interfaces:/opt/ros/humble LD_LIBRARY_PATH=/home/huangshuqi/RM-Vision-main/install/armor_tracker/lib:/home/huangshuqi/RM-Vision-main/install/armor_detector/lib:/home/huangshuqi/RM-Vision-main/install/auto_aim_interfaces/lib:/opt/MVS/lib/64:/opt/MVS/lib/32:/usr/lib/x86_64-linux-gnu/gazebo-11/plugins:/opt/ros/humble/opt/rviz_ogre_vendor/lib:/opt/ros/humble/lib/x86_64-linux-gnu:/opt/ros/humble/lib:/opt/MVS/lib/64:/opt/MVS/lib/32:/opt/MVS/lib/64:/opt/MVS/lib/32 PYTHONPATH=/home/huangshuqi/RM-Vision-main/install/auto_aim_interfaces/local/lib/python3.10/dist-packages:${PYTHONPATH} /usr/bin/cmake --install /home/huangshuqi/RM-Vision-main/build/rm_auto_aim
