[0.007s] Invoking command in '/home/huangshuqi/RM-Vision-main/build/rm_serial_driver': AMENT_PREFIX_PATH=/home/huangshuqi/RM-Vision-main/install/auto_aim_interfaces:${AMENT_PREFIX_PATH} CMAKE_PREFIX_PATH=/home/huangshuqi/RM-Vision-main/install/auto_aim_interfaces:/opt/ros/humble LD_LIBRARY_PATH=/home/huangshuqi/RM-Vision-main/install/auto_aim_interfaces/lib:/opt/MVS/lib/64:/opt/MVS/lib/32:/usr/lib/x86_64-linux-gnu/gazebo-11/plugins:/opt/ros/humble/opt/rviz_ogre_vendor/lib:/opt/ros/humble/lib/x86_64-linux-gnu:/opt/ros/humble/lib:/opt/MVS/lib/64:/opt/MVS/lib/32:/opt/MVS/lib/64:/opt/MVS/lib/32 PYTHONPATH=/home/huangshuqi/RM-Vision-main/install/auto_aim_interfaces/local/lib/python3.10/dist-packages:${PYTHONPATH} /usr/bin/cmake /home/huangshuqi/RM-Vision-main/src/rm_serial_driver-main -DCMAKE_INSTALL_PREFIX=/home/huangshuqi/RM-Vision-main/install/rm_serial_driver
[0.043s] -- The C compiler identification is GNU 11.4.0
[0.080s] -- The CXX compiler identification is GNU 11.4.0
[0.085s] -- Detecting C compiler ABI info
[0.134s] -- Detecting C compiler ABI info - done
[0.144s] -- Check for working C compiler: /usr/bin/cc - skipped
[0.144s] -- Detecting C compile features
[0.144s] -- Detecting C compile features - done
[0.148s] -- Detecting CXX compiler ABI info
[0.204s] -- Detecting CXX compiler ABI info - done
[0.209s] -- Check for working CXX compiler: /usr/bin/c++ - skipped
[0.210s] -- Detecting CXX compile features
[0.210s] -- Detecting CXX compile features - done
[0.211s] -- Found ament_cmake_auto: 1.3.8 (/opt/ros/humble/share/ament_cmake_auto/cmake)
[0.318s] -- Found Python3: /usr/bin/python3 (found version "3.10.12") found components: Interpreter 
[0.453s] -- Found rosidl_generator_c: 3.1.5 (/opt/ros/humble/share/rosidl_generator_c/cmake)
[0.456s] -- Found rosidl_adapter: 3.1.5 (/opt/ros/humble/share/rosidl_adapter/cmake)
[0.461s] -- Found rosidl_generator_cpp: 3.1.5 (/opt/ros/humble/share/rosidl_generator_cpp/cmake)
[0.470s] -- Using all available rosidl_typesupport_c: rosidl_typesupport_fastrtps_c;rosidl_typesupport_introspection_c
[0.482s] -- Using all available rosidl_typesupport_cpp: rosidl_typesupport_fastrtps_cpp;rosidl_typesupport_introspection_cpp
[0.526s] -- Found rmw_implementation_cmake: 6.1.1 (/opt/ros/humble/share/rmw_implementation_cmake/cmake)
[0.528s] -- Found rmw_fastrtps_cpp: 6.2.6 (/opt/ros/humble/share/rmw_fastrtps_cpp/cmake)
[0.592s] -- Found OpenSSL: /usr/lib/x86_64-linux-gnu/libcrypto.so (found version "3.0.2")  
[0.611s] -- Found FastRTPS: /opt/ros/humble/include  
[0.644s] -- Using RMW implementation 'rmw_fastrtps_cpp' as default
[0.650s] -- Looking for pthread.h
[0.700s] -- Looking for pthread.h - found
[0.700s] -- Performing Test CMAKE_HAVE_LIBC_PTHREAD
[0.753s] -- Performing Test CMAKE_HAVE_LIBC_PTHREAD - Success
[0.753s] -- Found Threads: TRUE  
[1.027s] -- Found asio_cmake_module: 1.2.0 (/opt/ros/humble/share/asio_cmake_module/cmake)
[1.028s] -- Found ASIO: /usr/include  
[1.272s] -- Found eigen3_cmake_module: 0.1.1 (/opt/ros/humble/share/eigen3_cmake_module/cmake)
[1.273s] -- Found Eigen3: TRUE (found version "3.4.0") 
[1.273s] -- Ensuring Eigen3 include directory is part of orocos-kdl CMake target
[1.541s] -- Found ament_lint_auto: 0.12.10 (/opt/ros/humble/share/ament_lint_auto/cmake)
[1.578s] -- Added test 'cppcheck' to perform static code analysis on C / C++ code
[1.578s] -- Configured cppcheck include dirs: /home/huangshuqi/RM-Vision-main/src/rm_serial_driver-main/include
[1.578s] -- Configured cppcheck exclude dirs and/or files: 
[1.582s] -- Added test 'cpplint' to check C / C++ code against the Google style
[1.582s] -- Configured cpplint exclude dirs and/or files: 
[1.582s] -- Added test 'flake8' to check Python code syntax and style conventions
[1.582s] -- Added test 'lint_cmake' to check CMake code style
[1.582s] -- Added test 'pep257' to check Python code against some of the docstring style conventions in PEP 257
[1.583s] -- Added test 'xmllint' to check XML markup files
[1.594s] -- Configuring done
[1.649s] -- Generating done
[1.660s] -- Build files have been written to: /home/huangshuqi/RM-Vision-main/build/rm_serial_driver
[1.677s] Invoked command in '/home/huangshuqi/RM-Vision-main/build/rm_serial_driver' returned '0': AMENT_PREFIX_PATH=/home/huangshuqi/RM-Vision-main/install/auto_aim_interfaces:${AMENT_PREFIX_PATH} CMAKE_PREFIX_PATH=/home/huangshuqi/RM-Vision-main/install/auto_aim_interfaces:/opt/ros/humble LD_LIBRARY_PATH=/home/huangshuqi/RM-Vision-main/install/auto_aim_interfaces/lib:/opt/MVS/lib/64:/opt/MVS/lib/32:/usr/lib/x86_64-linux-gnu/gazebo-11/plugins:/opt/ros/humble/opt/rviz_ogre_vendor/lib:/opt/ros/humble/lib/x86_64-linux-gnu:/opt/ros/humble/lib:/opt/MVS/lib/64:/opt/MVS/lib/32:/opt/MVS/lib/64:/opt/MVS/lib/32 PYTHONPATH=/home/huangshuqi/RM-Vision-main/install/auto_aim_interfaces/local/lib/python3.10/dist-packages:${PYTHONPATH} /usr/bin/cmake /home/huangshuqi/RM-Vision-main/src/rm_serial_driver-main -DCMAKE_INSTALL_PREFIX=/home/huangshuqi/RM-Vision-main/install/rm_serial_driver
[1.681s] Invoking command in '/home/huangshuqi/RM-Vision-main/build/rm_serial_driver': AMENT_PREFIX_PATH=/home/huangshuqi/RM-Vision-main/install/auto_aim_interfaces:${AMENT_PREFIX_PATH} CMAKE_PREFIX_PATH=/home/huangshuqi/RM-Vision-main/install/auto_aim_interfaces:/opt/ros/humble LD_LIBRARY_PATH=/home/huangshuqi/RM-Vision-main/install/auto_aim_interfaces/lib:/opt/MVS/lib/64:/opt/MVS/lib/32:/usr/lib/x86_64-linux-gnu/gazebo-11/plugins:/opt/ros/humble/opt/rviz_ogre_vendor/lib:/opt/ros/humble/lib/x86_64-linux-gnu:/opt/ros/humble/lib:/opt/MVS/lib/64:/opt/MVS/lib/32:/opt/MVS/lib/64:/opt/MVS/lib/32 PYTHONPATH=/home/huangshuqi/RM-Vision-main/install/auto_aim_interfaces/local/lib/python3.10/dist-packages:${PYTHONPATH} /usr/bin/cmake --build /home/huangshuqi/RM-Vision-main/build/rm_serial_driver -- -j12 -l12
[1.780s] [ 20%] [32mBuilding CXX object CMakeFiles/rm_serial_driver.dir/src/rm_serial_driver.cpp.o[0m
[1.782s] [ 40%] [32mBuilding CXX object CMakeFiles/rm_serial_driver.dir/src/crc.cpp.o[0m
[1.789s] [ 60%] [32mBuilding CXX object CMakeFiles/rm_serial_driver_node.dir/rclcpp_components/node_main_rm_serial_driver_node.cpp.o[0m
[6.259s] [ 80%] [32m[1mLinking CXX executable rm_serial_driver_node[0m
[6.370s] [ 80%] Built target rm_serial_driver_node
[12.752s] [100%] [32m[1mLinking CXX shared library librm_serial_driver.so[0m
[13.280s] [100%] Built target rm_serial_driver
[13.289s] Invoked command in '/home/huangshuqi/RM-Vision-main/build/rm_serial_driver' returned '0': AMENT_PREFIX_PATH=/home/huangshuqi/RM-Vision-main/install/auto_aim_interfaces:${AMENT_PREFIX_PATH} CMAKE_PREFIX_PATH=/home/huangshuqi/RM-Vision-main/install/auto_aim_interfaces:/opt/ros/humble LD_LIBRARY_PATH=/home/huangshuqi/RM-Vision-main/install/auto_aim_interfaces/lib:/opt/MVS/lib/64:/opt/MVS/lib/32:/usr/lib/x86_64-linux-gnu/gazebo-11/plugins:/opt/ros/humble/opt/rviz_ogre_vendor/lib:/opt/ros/humble/lib/x86_64-linux-gnu:/opt/ros/humble/lib:/opt/MVS/lib/64:/opt/MVS/lib/32:/opt/MVS/lib/64:/opt/MVS/lib/32 PYTHONPATH=/home/huangshuqi/RM-Vision-main/install/auto_aim_interfaces/local/lib/python3.10/dist-packages:${PYTHONPATH} /usr/bin/cmake --build /home/huangshuqi/RM-Vision-main/build/rm_serial_driver -- -j12 -l12
[13.310s] Invoking command in '/home/huangshuqi/RM-Vision-main/build/rm_serial_driver': AMENT_PREFIX_PATH=/home/huangshuqi/RM-Vision-main/install/auto_aim_interfaces:${AMENT_PREFIX_PATH} CMAKE_PREFIX_PATH=/home/huangshuqi/RM-Vision-main/install/auto_aim_interfaces:/opt/ros/humble LD_LIBRARY_PATH=/home/huangshuqi/RM-Vision-main/install/auto_aim_interfaces/lib:/opt/MVS/lib/64:/opt/MVS/lib/32:/usr/lib/x86_64-linux-gnu/gazebo-11/plugins:/opt/ros/humble/opt/rviz_ogre_vendor/lib:/opt/ros/humble/lib/x86_64-linux-gnu:/opt/ros/humble/lib:/opt/MVS/lib/64:/opt/MVS/lib/32:/opt/MVS/lib/64:/opt/MVS/lib/32 PYTHONPATH=/home/huangshuqi/RM-Vision-main/install/auto_aim_interfaces/local/lib/python3.10/dist-packages:${PYTHONPATH} /usr/bin/cmake --install /home/huangshuqi/RM-Vision-main/build/rm_serial_driver
[13.316s] -- Install configuration: ""
[13.316s] -- Installing: /home/huangshuqi/RM-Vision-main/install/rm_serial_driver/lib/rm_serial_driver/rm_serial_driver_node
[13.316s] -- Set runtime path of "/home/huangshuqi/RM-Vision-main/install/rm_serial_driver/lib/rm_serial_driver/rm_serial_driver_node" to ""
[13.316s] -- Installing: /home/huangshuqi/RM-Vision-main/install/rm_serial_driver/include
[13.316s] -- Installing: /home/huangshuqi/RM-Vision-main/install/rm_serial_driver/include/rm_serial_driver
[13.316s] -- Installing: /home/huangshuqi/RM-Vision-main/install/rm_serial_driver/include/rm_serial_driver/crc.hpp
[13.316s] -- Installing: /home/huangshuqi/RM-Vision-main/install/rm_serial_driver/include/rm_serial_driver/rm_serial_driver.hpp
[13.316s] -- Installing: /home/huangshuqi/RM-Vision-main/install/rm_serial_driver/include/rm_serial_driver/packet.hpp
[13.316s] -- Installing: /home/huangshuqi/RM-Vision-main/install/rm_serial_driver/share/rm_serial_driver/environment/library_path.sh
[13.316s] -- Installing: /home/huangshuqi/RM-Vision-main/install/rm_serial_driver/share/rm_serial_driver/environment/library_path.dsv
[13.316s] -- Installing: /home/huangshuqi/RM-Vision-main/install/rm_serial_driver/lib/librm_serial_driver.so
[13.321s] -- Set runtime path of "/home/huangshuqi/RM-Vision-main/install/rm_serial_driver/lib/librm_serial_driver.so" to ""
[13.321s] -- Installing: /home/huangshuqi/RM-Vision-main/install/rm_serial_driver/share/rm_serial_driver/config
[13.321s] -- Installing: /home/huangshuqi/RM-Vision-main/install/rm_serial_driver/share/rm_serial_driver/config/serial_driver.yaml
[13.321s] -- Installing: /home/huangshuqi/RM-Vision-main/install/rm_serial_driver/share/rm_serial_driver/launch
[13.321s] -- Installing: /home/huangshuqi/RM-Vision-main/install/rm_serial_driver/share/rm_serial_driver/launch/serial_driver.launch.py
[13.321s] -- Installing: /home/huangshuqi/RM-Vision-main/install/rm_serial_driver/share/ament_index/resource_index/package_run_dependencies/rm_serial_driver
[13.321s] -- Installing: /home/huangshuqi/RM-Vision-main/install/rm_serial_driver/share/ament_index/resource_index/parent_prefix_path/rm_serial_driver
[13.321s] -- Installing: /home/huangshuqi/RM-Vision-main/install/rm_serial_driver/share/rm_serial_driver/environment/ament_prefix_path.sh
[13.321s] -- Installing: /home/huangshuqi/RM-Vision-main/install/rm_serial_driver/share/rm_serial_driver/environment/ament_prefix_path.dsv
[13.321s] -- Installing: /home/huangshuqi/RM-Vision-main/install/rm_serial_driver/share/rm_serial_driver/environment/path.sh
[13.321s] -- Installing: /home/huangshuqi/RM-Vision-main/install/rm_serial_driver/share/rm_serial_driver/environment/path.dsv
[13.321s] -- Installing: /home/huangshuqi/RM-Vision-main/install/rm_serial_driver/share/rm_serial_driver/local_setup.bash
[13.322s] -- Installing: /home/huangshuqi/RM-Vision-main/install/rm_serial_driver/share/rm_serial_driver/local_setup.sh
[13.322s] -- Installing: /home/huangshuqi/RM-Vision-main/install/rm_serial_driver/share/rm_serial_driver/local_setup.zsh
[13.322s] -- Installing: /home/huangshuqi/RM-Vision-main/install/rm_serial_driver/share/rm_serial_driver/local_setup.dsv
[13.322s] -- Installing: /home/huangshuqi/RM-Vision-main/install/rm_serial_driver/share/rm_serial_driver/package.dsv
[13.322s] -- Installing: /home/huangshuqi/RM-Vision-main/install/rm_serial_driver/share/ament_index/resource_index/packages/rm_serial_driver
[13.322s] -- Installing: /home/huangshuqi/RM-Vision-main/install/rm_serial_driver/share/ament_index/resource_index/rclcpp_components/rm_serial_driver
[13.322s] -- Installing: /home/huangshuqi/RM-Vision-main/install/rm_serial_driver/share/rm_serial_driver/cmake/ament_cmake_export_dependencies-extras.cmake
[13.322s] -- Installing: /home/huangshuqi/RM-Vision-main/install/rm_serial_driver/share/rm_serial_driver/cmake/ament_cmake_export_include_directories-extras.cmake
[13.322s] -- Installing: /home/huangshuqi/RM-Vision-main/install/rm_serial_driver/share/rm_serial_driver/cmake/ament_cmake_export_libraries-extras.cmake
[13.322s] -- Installing: /home/huangshuqi/RM-Vision-main/install/rm_serial_driver/share/rm_serial_driver/cmake/rm_serial_driverConfig.cmake
[13.322s] -- Installing: /home/huangshuqi/RM-Vision-main/install/rm_serial_driver/share/rm_serial_driver/cmake/rm_serial_driverConfig-version.cmake
[13.322s] -- Installing: /home/huangshuqi/RM-Vision-main/install/rm_serial_driver/share/rm_serial_driver/package.xml
[13.324s] Invoked command in '/home/huangshuqi/RM-Vision-main/build/rm_serial_driver' returned '0': AMENT_PREFIX_PATH=/home/huangshuqi/RM-Vision-main/install/auto_aim_interfaces:${AMENT_PREFIX_PATH} CMAKE_PREFIX_PATH=/home/huangshuqi/RM-Vision-main/install/auto_aim_interfaces:/opt/ros/humble LD_LIBRARY_PATH=/home/huangshuqi/RM-Vision-main/install/auto_aim_interfaces/lib:/opt/MVS/lib/64:/opt/MVS/lib/32:/usr/lib/x86_64-linux-gnu/gazebo-11/plugins:/opt/ros/humble/opt/rviz_ogre_vendor/lib:/opt/ros/humble/lib/x86_64-linux-gnu:/opt/ros/humble/lib:/opt/MVS/lib/64:/opt/MVS/lib/32:/opt/MVS/lib/64:/opt/MVS/lib/32 PYTHONPATH=/home/huangshuqi/RM-Vision-main/install/auto_aim_interfaces/local/lib/python3.10/dist-packages:${PYTHONPATH} /usr/bin/cmake --install /home/huangshuqi/RM-Vision-main/build/rm_serial_driver
