[0.013s] Invoking command in '/home/huangshuqi/RM-Vision-main/build/rm_vision_bringup': AMENT_PREFIX_PATH=/home/huangshuqi/RM-Vision-main/install/rm_auto_aim:/home/huangshuqi/RM-Vision-main/install/rm_serial_driver:/home/huangshuqi/RM-Vision-main/install/armor_tracker:/home/huangshuqi/RM-Vision-main/install/armor_detector:/home/huangshuqi/RM-Vision-main/install/auto_aim_interfaces:${AMENT_PREFIX_PATH} CMAKE_PREFIX_PATH=/home/huangshuqi/RM-Vision-main/install/rm_auto_aim:/home/huangshuqi/RM-Vision-main/install/rm_serial_driver:/home/huangshuqi/RM-Vision-main/install/armor_tracker:/home/huangshuqi/RM-Vision-main/install/armor_detector:/home/huangshuqi/RM-Vision-main/install/auto_aim_interfaces:/opt/ros/humble LD_LIBRARY_PATH=/home/huangshuqi/RM-Vision-main/install/rm_serial_driver/lib:/home/huangshuqi/RM-Vision-main/install/armor_tracker/lib:/home/huangshuqi/RM-Vision-main/install/armor_detector/lib:/home/huangshuqi/RM-Vision-main/install/auto_aim_interfaces/lib:/opt/MVS/lib/64:/opt/MVS/lib/32:/usr/lib/x86_64-linux-gnu/gazebo-11/plugins:/opt/ros/humble/opt/rviz_ogre_vendor/lib:/opt/ros/humble/lib/x86_64-linux-gnu:/opt/ros/humble/lib:/opt/MVS/lib/64:/opt/MVS/lib/32:/opt/MVS/lib/64:/opt/MVS/lib/32 PYTHONPATH=/home/huangshuqi/RM-Vision-main/install/auto_aim_interfaces/local/lib/python3.10/dist-packages:${PYTHONPATH} /usr/bin/cmake /home/huangshuqi/RM-Vision-main/src/rm_vision-main/rm_vision_bringup -DCMAKE_INSTALL_PREFIX=/home/huangshuqi/RM-Vision-main/install/rm_vision_bringup
[0.054s] -- The C compiler identification is GNU 11.4.0
[0.091s] -- The CXX compiler identification is GNU 11.4.0
[0.096s] -- Detecting C compiler ABI info
[0.144s] -- Detecting C compiler ABI info - done
[0.151s] -- Check for working C compiler: /usr/bin/cc - skipped
[0.151s] -- Detecting C compile features
[0.152s] -- Detecting C compile features - done
[0.155s] -- Detecting CXX compiler ABI info
[0.233s] -- Detecting CXX compiler ABI info - done
[0.238s] -- Check for working CXX compiler: /usr/bin/c++ - skipped
[0.238s] -- Detecting CXX compile features
[0.238s] -- Detecting CXX compile features - done
[0.240s] -- Found ament_cmake_auto: 1.3.8 (/opt/ros/humble/share/ament_cmake_auto/cmake)
[0.338s] -- Found Python3: /usr/bin/python3 (found version "3.10.12") found components: Interpreter 
[0.396s] -- Found ament_lint_auto: 0.12.10 (/opt/ros/humble/share/ament_lint_auto/cmake)
[0.437s] -- Configuring done
[0.439s] -- Generating done
[0.439s] -- Build files have been written to: /home/huangshuqi/RM-Vision-main/build/rm_vision_bringup
[0.442s] Invoked command in '/home/huangshuqi/RM-Vision-main/build/rm_vision_bringup' returned '0': AMENT_PREFIX_PATH=/home/huangshuqi/RM-Vision-main/install/rm_auto_aim:/home/huangshuqi/RM-Vision-main/install/rm_serial_driver:/home/huangshuqi/RM-Vision-main/install/armor_tracker:/home/huangshuqi/RM-Vision-main/install/armor_detector:/home/huangshuqi/RM-Vision-main/install/auto_aim_interfaces:${AMENT_PREFIX_PATH} CMAKE_PREFIX_PATH=/home/huangshuqi/RM-Vision-main/install/rm_auto_aim:/home/huangshuqi/RM-Vision-main/install/rm_serial_driver:/home/huangshuqi/RM-Vision-main/install/armor_tracker:/home/huangshuqi/RM-Vision-main/install/armor_detector:/home/huangshuqi/RM-Vision-main/install/auto_aim_interfaces:/opt/ros/humble LD_LIBRARY_PATH=/home/huangshuqi/RM-Vision-main/install/rm_serial_driver/lib:/home/huangshuqi/RM-Vision-main/install/armor_tracker/lib:/home/huangshuqi/RM-Vision-main/install/armor_detector/lib:/home/huangshuqi/RM-Vision-main/install/auto_aim_interfaces/lib:/opt/MVS/lib/64:/opt/MVS/lib/32:/usr/lib/x86_64-linux-gnu/gazebo-11/plugins:/opt/ros/humble/opt/rviz_ogre_vendor/lib:/opt/ros/humble/lib/x86_64-linux-gnu:/opt/ros/humble/lib:/opt/MVS/lib/64:/opt/MVS/lib/32:/opt/MVS/lib/64:/opt/MVS/lib/32 PYTHONPATH=/home/huangshuqi/RM-Vision-main/install/auto_aim_interfaces/local/lib/python3.10/dist-packages:${PYTHONPATH} /usr/bin/cmake /home/huangshuqi/RM-Vision-main/src/rm_vision-main/rm_vision_bringup -DCMAKE_INSTALL_PREFIX=/home/huangshuqi/RM-Vision-main/install/rm_vision_bringup
[0.443s] Invoking command in '/home/huangshuqi/RM-Vision-main/build/rm_vision_bringup': AMENT_PREFIX_PATH=/home/huangshuqi/RM-Vision-main/install/rm_auto_aim:/home/huangshuqi/RM-Vision-main/install/rm_serial_driver:/home/huangshuqi/RM-Vision-main/install/armor_tracker:/home/huangshuqi/RM-Vision-main/install/armor_detector:/home/huangshuqi/RM-Vision-main/install/auto_aim_interfaces:${AMENT_PREFIX_PATH} CMAKE_PREFIX_PATH=/home/huangshuqi/RM-Vision-main/install/rm_auto_aim:/home/huangshuqi/RM-Vision-main/install/rm_serial_driver:/home/huangshuqi/RM-Vision-main/install/armor_tracker:/home/huangshuqi/RM-Vision-main/install/armor_detector:/home/huangshuqi/RM-Vision-main/install/auto_aim_interfaces:/opt/ros/humble LD_LIBRARY_PATH=/home/huangshuqi/RM-Vision-main/install/rm_serial_driver/lib:/home/huangshuqi/RM-Vision-main/install/armor_tracker/lib:/home/huangshuqi/RM-Vision-main/install/armor_detector/lib:/home/huangshuqi/RM-Vision-main/install/auto_aim_interfaces/lib:/opt/MVS/lib/64:/opt/MVS/lib/32:/usr/lib/x86_64-linux-gnu/gazebo-11/plugins:/opt/ros/humble/opt/rviz_ogre_vendor/lib:/opt/ros/humble/lib/x86_64-linux-gnu:/opt/ros/humble/lib:/opt/MVS/lib/64:/opt/MVS/lib/32:/opt/MVS/lib/64:/opt/MVS/lib/32 PYTHONPATH=/home/huangshuqi/RM-Vision-main/install/auto_aim_interfaces/local/lib/python3.10/dist-packages:${PYTHONPATH} /usr/bin/cmake --build /home/huangshuqi/RM-Vision-main/build/rm_vision_bringup -- -j12 -l12
[0.471s] Invoked command in '/home/huangshuqi/RM-Vision-main/build/rm_vision_bringup' returned '0': AMENT_PREFIX_PATH=/home/huangshuqi/RM-Vision-main/install/rm_auto_aim:/home/huangshuqi/RM-Vision-main/install/rm_serial_driver:/home/huangshuqi/RM-Vision-main/install/armor_tracker:/home/huangshuqi/RM-Vision-main/install/armor_detector:/home/huangshuqi/RM-Vision-main/install/auto_aim_interfaces:${AMENT_PREFIX_PATH} CMAKE_PREFIX_PATH=/home/huangshuqi/RM-Vision-main/install/rm_auto_aim:/home/huangshuqi/RM-Vision-main/install/rm_serial_driver:/home/huangshuqi/RM-Vision-main/install/armor_tracker:/home/huangshuqi/RM-Vision-main/install/armor_detector:/home/huangshuqi/RM-Vision-main/install/auto_aim_interfaces:/opt/ros/humble LD_LIBRARY_PATH=/home/huangshuqi/RM-Vision-main/install/rm_serial_driver/lib:/home/huangshuqi/RM-Vision-main/install/armor_tracker/lib:/home/huangshuqi/RM-Vision-main/install/armor_detector/lib:/home/huangshuqi/RM-Vision-main/install/auto_aim_interfaces/lib:/opt/MVS/lib/64:/opt/MVS/lib/32:/usr/lib/x86_64-linux-gnu/gazebo-11/plugins:/opt/ros/humble/opt/rviz_ogre_vendor/lib:/opt/ros/humble/lib/x86_64-linux-gnu:/opt/ros/humble/lib:/opt/MVS/lib/64:/opt/MVS/lib/32:/opt/MVS/lib/64:/opt/MVS/lib/32 PYTHONPATH=/home/huangshuqi/RM-Vision-main/install/auto_aim_interfaces/local/lib/python3.10/dist-packages:${PYTHONPATH} /usr/bin/cmake --build /home/huangshuqi/RM-Vision-main/build/rm_vision_bringup -- -j12 -l12
[0.492s] Invoking command in '/home/huangshuqi/RM-Vision-main/build/rm_vision_bringup': AMENT_PREFIX_PATH=/home/huangshuqi/RM-Vision-main/install/rm_auto_aim:/home/huangshuqi/RM-Vision-main/install/rm_serial_driver:/home/huangshuqi/RM-Vision-main/install/armor_tracker:/home/huangshuqi/RM-Vision-main/install/armor_detector:/home/huangshuqi/RM-Vision-main/install/auto_aim_interfaces:${AMENT_PREFIX_PATH} CMAKE_PREFIX_PATH=/home/huangshuqi/RM-Vision-main/install/rm_auto_aim:/home/huangshuqi/RM-Vision-main/install/rm_serial_driver:/home/huangshuqi/RM-Vision-main/install/armor_tracker:/home/huangshuqi/RM-Vision-main/install/armor_detector:/home/huangshuqi/RM-Vision-main/install/auto_aim_interfaces:/opt/ros/humble LD_LIBRARY_PATH=/home/huangshuqi/RM-Vision-main/install/rm_serial_driver/lib:/home/huangshuqi/RM-Vision-main/install/armor_tracker/lib:/home/huangshuqi/RM-Vision-main/install/armor_detector/lib:/home/huangshuqi/RM-Vision-main/install/auto_aim_interfaces/lib:/opt/MVS/lib/64:/opt/MVS/lib/32:/usr/lib/x86_64-linux-gnu/gazebo-11/plugins:/opt/ros/humble/opt/rviz_ogre_vendor/lib:/opt/ros/humble/lib/x86_64-linux-gnu:/opt/ros/humble/lib:/opt/MVS/lib/64:/opt/MVS/lib/32:/opt/MVS/lib/64:/opt/MVS/lib/32 PYTHONPATH=/home/huangshuqi/RM-Vision-main/install/auto_aim_interfaces/local/lib/python3.10/dist-packages:${PYTHONPATH} /usr/bin/cmake --install /home/huangshuqi/RM-Vision-main/build/rm_vision_bringup
[0.497s] -- Install configuration: ""
[0.497s] -- Installing: /home/huangshuqi/RM-Vision-main/install/rm_vision_bringup/share/rm_vision_bringup/launch
[0.497s] -- Installing: /home/huangshuqi/RM-Vision-main/install/rm_vision_bringup/share/rm_vision_bringup/launch/common.py
[0.498s] -- Installing: /home/huangshuqi/RM-Vision-main/install/rm_vision_bringup/share/rm_vision_bringup/launch/__pycache__
[0.498s] -- Installing: /home/huangshuqi/RM-Vision-main/install/rm_vision_bringup/share/rm_vision_bringup/launch/__pycache__/vision_bringup.launch.cpython-310.pyc
[0.498s] -- Installing: /home/huangshuqi/RM-Vision-main/install/rm_vision_bringup/share/rm_vision_bringup/launch/vision_bringup.launch.py
[0.498s] -- Installing: /home/huangshuqi/RM-Vision-main/install/rm_vision_bringup/share/rm_vision_bringup/launch/no_hardware.launch.py
[0.498s] -- Installing: /home/huangshuqi/RM-Vision-main/install/rm_vision_bringup/share/rm_vision_bringup/config
[0.498s] -- Installing: /home/huangshuqi/RM-Vision-main/install/rm_vision_bringup/share/rm_vision_bringup/config/camera_info.yaml
[0.498s] -- Installing: /home/huangshuqi/RM-Vision-main/install/rm_vision_bringup/share/rm_vision_bringup/config/node_params.yaml
[0.498s] -- Installing: /home/huangshuqi/RM-Vision-main/install/rm_vision_bringup/share/rm_vision_bringup/config/launch_params.yaml
[0.498s] -- Installing: /home/huangshuqi/RM-Vision-main/install/rm_vision_bringup/share/ament_index/resource_index/package_run_dependencies/rm_vision_bringup
[0.498s] -- Installing: /home/huangshuqi/RM-Vision-main/install/rm_vision_bringup/share/ament_index/resource_index/parent_prefix_path/rm_vision_bringup
[0.498s] -- Installing: /home/huangshuqi/RM-Vision-main/install/rm_vision_bringup/share/rm_vision_bringup/environment/ament_prefix_path.sh
[0.498s] -- Installing: /home/huangshuqi/RM-Vision-main/install/rm_vision_bringup/share/rm_vision_bringup/environment/ament_prefix_path.dsv
[0.498s] -- Installing: /home/huangshuqi/RM-Vision-main/install/rm_vision_bringup/share/rm_vision_bringup/environment/path.sh
[0.498s] -- Installing: /home/huangshuqi/RM-Vision-main/install/rm_vision_bringup/share/rm_vision_bringup/environment/path.dsv
[0.498s] -- Installing: /home/huangshuqi/RM-Vision-main/install/rm_vision_bringup/share/rm_vision_bringup/local_setup.bash
[0.498s] -- Installing: /home/huangshuqi/RM-Vision-main/install/rm_vision_bringup/share/rm_vision_bringup/local_setup.sh
[0.498s] -- Installing: /home/huangshuqi/RM-Vision-main/install/rm_vision_bringup/share/rm_vision_bringup/local_setup.zsh
[0.498s] -- Installing: /home/huangshuqi/RM-Vision-main/install/rm_vision_bringup/share/rm_vision_bringup/local_setup.dsv
[0.499s] -- Installing: /home/huangshuqi/RM-Vision-main/install/rm_vision_bringup/share/rm_vision_bringup/package.dsv
[0.499s] -- Installing: /home/huangshuqi/RM-Vision-main/install/rm_vision_bringup/share/ament_index/resource_index/packages/rm_vision_bringup
[0.499s] -- Installing: /home/huangshuqi/RM-Vision-main/install/rm_vision_bringup/share/rm_vision_bringup/cmake/rm_vision_bringupConfig.cmake
[0.499s] -- Installing: /home/huangshuqi/RM-Vision-main/install/rm_vision_bringup/share/rm_vision_bringup/cmake/rm_vision_bringupConfig-version.cmake
[0.499s] -- Installing: /home/huangshuqi/RM-Vision-main/install/rm_vision_bringup/share/rm_vision_bringup/package.xml
[0.500s] Invoked command in '/home/huangshuqi/RM-Vision-main/build/rm_vision_bringup' returned '0': AMENT_PREFIX_PATH=/home/huangshuqi/RM-Vision-main/install/rm_auto_aim:/home/huangshuqi/RM-Vision-main/install/rm_serial_driver:/home/huangshuqi/RM-Vision-main/install/armor_tracker:/home/huangshuqi/RM-Vision-main/install/armor_detector:/home/huangshuqi/RM-Vision-main/install/auto_aim_interfaces:${AMENT_PREFIX_PATH} CMAKE_PREFIX_PATH=/home/huangshuqi/RM-Vision-main/install/rm_auto_aim:/home/huangshuqi/RM-Vision-main/install/rm_serial_driver:/home/huangshuqi/RM-Vision-main/install/armor_tracker:/home/huangshuqi/RM-Vision-main/install/armor_detector:/home/huangshuqi/RM-Vision-main/install/auto_aim_interfaces:/opt/ros/humble LD_LIBRARY_PATH=/home/huangshuqi/RM-Vision-main/install/rm_serial_driver/lib:/home/huangshuqi/RM-Vision-main/install/armor_tracker/lib:/home/huangshuqi/RM-Vision-main/install/armor_detector/lib:/home/huangshuqi/RM-Vision-main/install/auto_aim_interfaces/lib:/opt/MVS/lib/64:/opt/MVS/lib/32:/usr/lib/x86_64-linux-gnu/gazebo-11/plugins:/opt/ros/humble/opt/rviz_ogre_vendor/lib:/opt/ros/humble/lib/x86_64-linux-gnu:/opt/ros/humble/lib:/opt/MVS/lib/64:/opt/MVS/lib/32:/opt/MVS/lib/64:/opt/MVS/lib/32 PYTHONPATH=/home/huangshuqi/RM-Vision-main/install/auto_aim_interfaces/local/lib/python3.10/dist-packages:${PYTHONPATH} /usr/bin/cmake --install /home/huangshuqi/RM-Vision-main/build/rm_vision_bringup
